<?xml version="1.0" encoding="UTF-8"?>
<testng-results skipped="0" failed="0" total="1" passed="1">
  <reporter-output>
  </reporter-output>
  <suite name="Default suite" duration-ms="21" started-at="2011-12-08T10:58:23Z" finished-at="2011-12-08T10:58:23Z">
    <groups>
    </groups>
    <test name="Default test" duration-ms="21" started-at="2011-12-08T10:58:23Z" finished-at="2011-12-08T10:58:23Z">
      <class name="uk.ac.cardiff.raptor.remoting.client.sei.impl.ClientTLSParametersTest">
        <test-method status="PASS" signature="getTrustStoreLocationTest()[pri:0, instance:uk.ac.cardiff.raptor.remoting.client.sei.impl.ClientTLSParametersTest@162200d5]" name="getTrustStoreLocationTest" duration-ms="9" started-at="2011-12-08T10:58:23Z" finished-at="2011-12-08T10:58:23Z">
        </test-method>
      </class>
    </test>
  </suite>
</testng-results>
