<?xml version="1.0" encoding="UTF-8"?>
<testng-results skipped="0" failed="0" total="2" passed="2">
  <reporter-output>
  </reporter-output>
  <suite name="Default suite" duration-ms="227" started-at="2011-11-29T10:53:12Z" finished-at="2011-11-29T10:53:12Z">
    <groups>
    </groups>
    <test name="Default test" duration-ms="227" started-at="2011-11-29T10:53:12Z" finished-at="2011-11-29T10:53:12Z">
      <class name="uk.ac.cardiff.raptor.event.expansion.RDBMSDataConnectorTest">
        <test-method status="PASS" signature="setup()" name="setup" is-config="true" duration-ms="119" started-at="2011-11-29T10:53:12Z" finished-at="2011-11-29T10:53:12Z">
        </test-method>
        <test-method status="PASS" signature="cacheTest()" name="cacheTest" duration-ms="92" started-at="2011-11-29T10:53:12Z" finished-at="2011-11-29T10:53:12Z">
        </test-method>
        <test-method status="PASS" signature="getAttributesTest()" name="getAttributesTest" duration-ms="5" started-at="2011-11-29T10:53:12Z" finished-at="2011-11-29T10:53:12Z">
        </test-method>
      </class>
    </test>
  </suite>
</testng-results>
