<?xml version="1.0" encoding="UTF-8"?>
<testng-results skipped="0" failed="0" total="1" passed="1">
  <reporter-output>
  </reporter-output>
  <suite name="Default suite" duration-ms="6780" started-at="2011-12-05T18:41:40Z" finished-at="2011-12-05T18:41:47Z">
    <groups>
    </groups>
    <test name="Default test" duration-ms="6780" started-at="2011-12-05T18:41:40Z" finished-at="2011-12-05T18:41:47Z">
      <class name="uk.ac.cardiff.raptormua.engine.statistics.processor.SamlMetadataNameFormatterTest">
        <test-method status="PASS" signature="instantiateSamlMetadataTest()[pri:0, instance:uk.ac.cardiff.raptormua.engine.statistics.processor.SamlMetadataNameFormatterTest@11a06e38]" name="instantiateSamlMetadataTest" duration-ms="6768" started-at="2011-12-05T18:41:40Z" finished-at="2011-12-05T18:41:47Z">
        </test-method>
      </class>
    </test>
  </suite>
</testng-results>
